<?xml version="1.0" encoding="UTF-8"?>
<!-- Generated by org.testng.reporters.JUnitReportReporter -->
<testsuite skipped="0" hostname="ip-172-31-17-36" name="TestCases.CarLoanTest" tests="1" failures="0" timestamp="15 Apr 2023 07:03:39 GMT" time="0.004" errors="0">
  <testcase name="test3" time="0.004" classname="TestCases.CarLoanTest"/>
</testsuite> <!-- TestCases.CarLoanTest -->
