<?xml version="1.0" encoding="UTF-8"?>
<!-- Generated by org.testng.reporters.JUnitReportReporter -->
<testsuite skipped="0" hostname="ip-172-31-17-36" name="TestCases.HomeLoanTest" tests="1" failures="0" timestamp="16 Apr 2023 04:51:26 GMT" time="0.001" errors="0">
  <testcase name="test2" time="0.001" classname="TestCases.HomeLoanTest"/>
</testsuite> <!-- TestCases.HomeLoanTest -->
