<?xml version="1.0" encoding="UTF-8"?>
<!-- Generated by org.testng.reporters.JUnitReportReporter -->
<testsuite skipped="0" hostname="ip-172-31-17-36" name="TestCases.Creditcard" tests="1" failures="0" timestamp="16 Apr 2023 04:51:26 GMT" time="0.006" errors="0">
  <testcase name="test4" time="0.006" classname="TestCases.Creditcard"/>
</testsuite> <!-- TestCases.Creditcard -->
